#
# There is insufficient memory for the Java Runtime Environment to continue.
# Native memory allocation (malloc) failed to allocate 1048576 bytes. Error detail: AllocateHeap
# Possible reasons:
#   The system is out of physical RAM or swap space
#   This process is running with CompressedOops enabled, and the Java Heap may be blocking the growth of the native heap
# Possible solutions:
#   Reduce memory load on the system
#   Increase physical memory or swap space
#   Check if swap backing store is full
#   Decrease Java heap size (-Xmx/-Xms)
#   Decrease number of Java threads
#   Decrease Java thread stack sizes (-Xss)
#   Set larger code cache with -XX:ReservedCodeCacheSize=
#   JVM is running with Unscaled Compressed Oops mode in which the Java heap is
#     placed in the first 4GB address space. The Java Heap base address is the
#     maximum limit for the native heap growth. Please use -XX:HeapBaseMinAddress
#     to set the Java Heap base and to place the Java Heap above 4GB virtual address.
# This output file may be truncated or incomplete.
#
#  Out of Memory Error (allocation.cpp:44), pid=15244, tid=19412
#
# JRE version: OpenJDK Runtime Environment Temurin-21.0.10+7 (21.0.10+7) (build 21.0.10+7-LTS)
# Java VM: OpenJDK 64-Bit Server VM Temurin-21.0.10+7 (21.0.10+7-LTS, mixed mode, sharing, tiered, compressed oops, compressed class ptrs, parallel gc, windows-amd64)
# No core dump will be written. Minidumps are not enabled by default on client versions of Windows
#

---------------  S U M M A R Y ------------

Command Line: --add-modules=ALL-SYSTEM --add-opens=java.base/java.util=ALL-UNNAMED --add-opens=java.base/java.lang=ALL-UNNAMED --add-opens=java.base/sun.nio.fs=ALL-UNNAMED -Declipse.application=org.eclipse.jdt.ls.core.id1 -Dosgi.bundles.defaultStartLevel=4 -Declipse.product=org.eclipse.jdt.ls.core.product -Djava.import.generatesMetadataFilesAtProjectRoot=false -DDetectVMInstallationsJob.disabled=true -Dfile.encoding=utf8 -XX:+UseParallelGC -XX:GCTimeRatio=4 -XX:AdaptiveSizePolicyWeight=90 -Dsun.zip.disableMemoryMapping=true -Xmx2G -Xms100m -Xlog:disable -javaagent:c:\Users\HOME\.antigravity-ide\extensions\redhat.java-1.54.0-win32-x64\lombok\lombok-1.18.39-4050.jar -XX:+HeapDumpOnOutOfMemoryError -XX:HeapDumpPath=c:\Users\HOME\AppData\Roaming\Antigravity IDE\User\workspaceStorage\59c85b5bba5f1770362201039af69981\redhat.java -Daether.dependencyCollector.impl=bf c:\Users\HOME\.antigravity-ide\extensions\redhat.java-1.54.0-win32-x64\server\plugins\org.eclipse.equinox.launcher_1.7.100.v20251111-0406.jar -configuration c:\Users\HOME\AppData\Roaming\Antigravity IDE\User\globalStorage\redhat.java\1.54.0\config_win -data c:\Users\HOME\AppData\Roaming\Antigravity IDE\User\workspaceStorage\59c85b5bba5f1770362201039af69981\redhat.java\jdt_ws --pipe=\\.\pipe\lsp-9c109644e1ae7ab9bee7c2f8d9c361b9-sock

Host: Intel(R) Core(TM) i7-10510U CPU @ 1.80GHz, 8 cores, 7G,  Windows 11 , 64 bit Build 26100 (10.0.26100.8328)
Time: Sun May 31 22:07:20 2026 Afr. centrale Ouest elapsed time: 34049.107631 seconds (0d 9h 27m 29s)

---------------  T H R E A D  ---------------

Current thread (0x000001b4173d8f00):  JavaThread "Attach Listener" daemon [_thread_in_vm, id=19412, stack(0x00000083a9600000,0x00000083a9700000) (1024K)]

Stack: [0x00000083a9600000,0x00000083a9700000]
Native frames: (J=compiled Java code, j=interpreted, Vv=VM code, C=native code)
V  [jvm.dll+0x6d7a39]
V  [jvm.dll+0x8b4b26]
V  [jvm.dll+0x8b70de]
V  [jvm.dll+0x8b77c3]
V  [jvm.dll+0x284346]
V  [jvm.dll+0xc1277]
V  [jvm.dll+0x6d82e9]
V  [jvm.dll+0x1334a6]
V  [jvm.dll+0x3f857e]
V  [jvm.dll+0x85f59d]
V  [jvm.dll+0x6d626d]
C  [ucrtbase.dll+0x37b0]
C  [KERNEL32.DLL+0x2e957]
C  [ntdll.dll+0x427c]


---------------  P R O C E S S  ---------------

Threads class SMR info:
_java_thread_list=0x000001b47f5296d0, length=42, elements={
0x000001b4150d9050, 0x000001b4174fc1e0, 0x000001b4173b4770, 0x000001b4173b7e10,
0x000001b4173d8f00, 0x000001b4173d9960, 0x000001b4173da3c0, 0x000001b4173db200,
0x000001b4707d5720, 0x000001b47095e940, 0x000001b470aa3fc0, 0x000001b4758cdbc0,
0x000001b475794600, 0x000001b475792530, 0x000001b475791ea0, 0x000001b475792bc0,
0x000001b476539970, 0x000001b47653b3b0, 0x000001b47653c0d0, 0x000001b476538c50,
0x000001b47653ad20, 0x000001b476537f30, 0x000001b47653cdf0, 0x000001b47653eec0,
0x000001b47653db10, 0x000001b47653e1a0, 0x000001b47653d480, 0x000001b47653e830,
0x000001b47653f550, 0x000001b475793250, 0x000001b475791180, 0x000001b4757938e0,
0x000001b4775ce8f0, 0x000001b4775cc190, 0x000001b4775cd540, 0x000001b4775cc820,
0x000001b4775cb470, 0x000001b4775cdbd0, 0x000001b4775cef80, 0x000001b479d437d0,
0x000001b47aee35b0, 0x000001b47aee4ff0
}

Java Threads: ( => current thread )
  0x000001b4150d9050 JavaThread "main"                              [_thread_blocked, id=22480, stack(0x00000083a8f00000,0x00000083a9000000) (1024K)]
  0x000001b4174fc1e0 JavaThread "Reference Handler"          daemon [_thread_blocked, id=9624, stack(0x00000083a9300000,0x00000083a9400000) (1024K)]
  0x000001b4173b4770 JavaThread "Finalizer"                  daemon [_thread_blocked, id=17232, stack(0x00000083a9400000,0x00000083a9500000) (1024K)]
  0x000001b4173b7e10 JavaThread "Signal Dispatcher"          daemon [_thread_blocked, id=22212, stack(0x00000083a9500000,0x00000083a9600000) (1024K)]
=>0x000001b4173d8f00 JavaThread "Attach Listener"            daemon [_thread_in_vm, id=19412, stack(0x00000083a9600000,0x00000083a9700000) (1024K)]
  0x000001b4173d9960 JavaThread "Service Thread"             daemon [_thread_blocked, id=4028, stack(0x00000083a9700000,0x00000083a9800000) (1024K)]
  0x000001b4173da3c0 JavaThread "Monitor Deflation Thread"   daemon [_thread_blocked, id=22912, stack(0x00000083a9800000,0x00000083a9900000) (1024K)]
  0x000001b4173db200 JavaThread "C2 CompilerThread0"         daemon [_thread_blocked, id=19320, stack(0x00000083a9900000,0x00000083a9a00000) (1024K)]
  0x000001b4707d5720 JavaThread "C1 CompilerThread0"         daemon [_thread_blocked, id=11980, stack(0x00000083a9a00000,0x00000083a9b00000) (1024K)]
  0x000001b47095e940 JavaThread "Common-Cleaner"             daemon [_thread_blocked, id=2256, stack(0x00000083a9b00000,0x00000083a9c00000) (1024K)]
  0x000001b470aa3fc0 JavaThread "Notification Thread"        daemon [_thread_blocked, id=19852, stack(0x00000083a9c00000,0x00000083a9d00000) (1024K)]
  0x000001b4758cdbc0 JavaThread "Active Thread: Equinox Container: 2c338e1e-6943-4685-85de-075b54a0407c"        [_thread_blocked, id=3640, stack(0x00000083aa900000,0x00000083aaa00000) (1024K)]
  0x000001b475794600 JavaThread "Framework Event Dispatcher: Equinox Container: 2c338e1e-6943-4685-85de-075b54a0407c" daemon [_thread_blocked, id=22760, stack(0x00000083aa300000,0x00000083aa400000) (1024K)]
  0x000001b475792530 JavaThread "Start Level: Equinox Container: 2c338e1e-6943-4685-85de-075b54a0407c" daemon [_thread_blocked, id=22056, stack(0x00000083aa400000,0x00000083aa500000) (1024K)]
  0x000001b475791ea0 JavaThread "Bundle File Closer"         daemon [_thread_blocked, id=11944, stack(0x00000083aa700000,0x00000083aa800000) (1024K)]
  0x000001b475792bc0 JavaThread "Refresh Thread: Equinox Container: 2c338e1e-6943-4685-85de-075b54a0407c" daemon [_thread_blocked, id=12124, stack(0x00000083aa800000,0x00000083aa900000) (1024K)]
  0x000001b476539970 JavaThread "SCR Component Actor"        daemon [_thread_blocked, id=19140, stack(0x00000083aaa00000,0x00000083aab00000) (1024K)]
  0x000001b47653b3b0 JavaThread "Worker-JM"                         [_thread_blocked, id=24700, stack(0x00000083ab300000,0x00000083ab400000) (1024K)]
  0x000001b47653c0d0 JavaThread "Java indexing"              daemon [_thread_blocked, id=21624, stack(0x00000083ab800000,0x00000083ab900000) (1024K)]
  0x000001b476538c50 JavaThread "JNA Cleaner"                daemon [_thread_blocked, id=22276, stack(0x00000083ab900000,0x00000083aba00000) (1024K)]
  0x000001b47653ad20 JavaThread "Thread-1"                   daemon [_thread_in_native, id=12472, stack(0x00000083aac00000,0x00000083aad00000) (1024K)]
  0x000001b476537f30 JavaThread "Thread-2"                   daemon [_thread_in_native, id=12512, stack(0x00000083aad00000,0x00000083aae00000) (1024K)]
  0x000001b47653cdf0 JavaThread "Thread-3"                   daemon [_thread_in_native, id=25388, stack(0x00000083aae00000,0x00000083aaf00000) (1024K)]
  0x000001b47653eec0 JavaThread "Thread-4"                   daemon [_thread_in_native, id=3372, stack(0x00000083aaf00000,0x00000083ab000000) (1024K)]
  0x000001b47653db10 JavaThread "Thread-5"                   daemon [_thread_in_native, id=23108, stack(0x00000083ab000000,0x00000083ab100000) (1024K)]
  0x000001b47653e1a0 JavaThread "Thread-6"                   daemon [_thread_in_native, id=12408, stack(0x00000083ab100000,0x00000083ab200000) (1024K)]
  0x000001b47653d480 JavaThread "Thread-7"                   daemon [_thread_in_native, id=17448, stack(0x00000083ab200000,0x00000083ab300000) (1024K)]
  0x000001b47653e830 JavaThread "Thread-8"                   daemon [_thread_in_native, id=5848, stack(0x00000083abe00000,0x00000083abf00000) (1024K)]
  0x000001b47653f550 JavaThread "Thread-9"                   daemon [_thread_in_native, id=19712, stack(0x00000083abf00000,0x00000083ac000000) (1024K)]
  0x000001b475793250 JavaThread "pool-2-thread-1"                   [_thread_blocked, id=21448, stack(0x00000083ac000000,0x00000083ac100000) (1024K)]
  0x000001b475791180 JavaThread "WorkspaceEventsHandler"            [_thread_blocked, id=18656, stack(0x00000083ac200000,0x00000083ac300000) (1024K)]
  0x000001b4757938e0 JavaThread "pool-1-thread-1"                   [_thread_blocked, id=11128, stack(0x00000083ac300000,0x00000083ac400000) (1024K)]
  0x000001b4775ce8f0 JavaThread "Timer-0"                           [_thread_blocked, id=14164, stack(0x00000083ace00000,0x00000083acf00000) (1024K)]
  0x000001b4775cc190 JavaThread "Timer-1"                           [_thread_blocked, id=20192, stack(0x00000083aa600000,0x00000083aa700000) (1024K)]
  0x000001b4775cd540 JavaThread "Timer-2"                           [_thread_blocked, id=22428, stack(0x00000083ab500000,0x00000083ab600000) (1024K)]
  0x000001b4775cc820 JavaThread "Timer-3"                           [_thread_blocked, id=19000, stack(0x00000083abd00000,0x00000083abe00000) (1024K)]
  0x000001b4775cb470 JavaThread "Timer-4"                           [_thread_blocked, id=14168, stack(0x00000083ac400000,0x00000083ac500000) (1024K)]
  0x000001b4775cdbd0 JavaThread "Timer-5"                           [_thread_blocked, id=7796, stack(0x00000083a8c00000,0x00000083a8d00000) (1024K)]
  0x000001b4775cef80 JavaThread "Timer-6"                           [_thread_blocked, id=9236, stack(0x00000083a8d00000,0x00000083a8e00000) (1024K)]
  0x000001b479d437d0 JavaThread "Timer-7"                           [_thread_blocked, id=24916, stack(0x00000083ac100000,0x00000083ac200000) (1024K)]
  0x000001b47aee35b0 JavaThread "Worker-32"                         [_thread_blocked, id=3284, stack(0x00000083aba00000,0x00000083abb00000) (1024K)]
  0x000001b47aee4ff0 JavaThread "Worker-33"                         [_thread_blocked, id=28196, stack(0x00000083a8e00000,0x00000083a8f00000) (1024K)]
Total: 42

Other Threads:
  0x000001b4173b1de0 VMThread "VM Thread"                           [id=21660, stack(0x00000083a9200000,0x00000083a9300000) (1024K)]
  0x000001b4172cca00 WatcherThread "VM Periodic Task Thread"        [id=22248, stack(0x00000083a9100000,0x00000083a9200000) (1024K)]
  0x000001b41745b3f0 WorkerThread "GC Thread#0"                     [id=10348, stack(0x00000083a9000000,0x00000083a9100000) (1024K)]
  0x000001b47546c920 WorkerThread "GC Thread#1"                     [id=23916, stack(0x00000083a9d00000,0x00000083a9e00000) (1024K)]
  0x000001b475229dd0 WorkerThread "GC Thread#2"                     [id=12216, stack(0x00000083a9e00000,0x00000083a9f00000) (1024K)]
  0x000001b47522a180 WorkerThread "GC Thread#3"                     [id=12804, stack(0x00000083a9f00000,0x00000083aa000000) (1024K)]
  0x000001b47522a530 WorkerThread "GC Thread#4"                     [id=18496, stack(0x00000083aa000000,0x00000083aa100000) (1024K)]
  0x000001b47522a8e0 WorkerThread "GC Thread#5"                     [id=24788, stack(0x00000083aa100000,0x00000083aa200000) (1024K)]
  0x000001b4750494e0 WorkerThread "GC Thread#6"                     [id=12864, stack(0x00000083aa200000,0x00000083aa300000) (1024K)]
  0x000001b47573bd00 WorkerThread "GC Thread#7"                     [id=24436, stack(0x00000083aa500000,0x00000083aa600000) (1024K)]
Total: 10

Threads with active compile tasks:
Total: 0

VM state: not at safepoint (normal execution)

VM Mutex/Monitor currently owned by a thread: None

Heap address: 0x0000000080000000, size: 2048 MB, Compressed Oops mode: 32-bit

CDS archive(s) mapped at: [0x000001b42e000000-0x000001b42eba0000-0x000001b42eba0000), size 12189696, SharedBaseAddress: 0x000001b42e000000, ArchiveRelocationMode: 1.
Compressed class space mapped at: 0x000001b42f000000-0x000001b46f000000, reserved size: 1073741824
Narrow klass base: 0x000001b42e000000, Narrow klass shift: 0, Narrow klass range: 0x100000000

GC Precious Log:
 CardTable entry size: 512
 CPUs: 8 total, 8 available
 Memory: 8025M
 Large Page Support: Disabled
 NUMA Support: Disabled
 Compressed Oops: Enabled (32-bit)
 Alignments: Space 512K, Generation 512K, Heap 2M
 Heap Min Capacity: 100M
 Heap Initial Capacity: 100M
 Heap Max Capacity: 2G
 Pre-touch: Disabled
 Parallel Workers: 8

Heap:
 PSYoungGen      total 7168K, used 6871K [0x00000000d5580000, 0x00000000d6480000, 0x0000000100000000)
  eden space 4096K, 92% used [0x00000000d5580000,0x00000000d59366f8,0x00000000d5980000)
  from space 3072K, 99% used [0x00000000d5980000,0x00000000d5c7f550,0x00000000d5c80000)
  to   space 5632K, 0% used [0x00000000d5f00000,0x00000000d5f00000,0x00000000d6480000)
 ParOldGen       total 879104K, used 878636K [0x0000000080000000, 0x00000000b5a80000, 0x00000000d5580000)
  object space 879104K, 99% used [0x0000000080000000,0x00000000b5a0b028,0x00000000b5a80000)
 Metaspace       used 109906K, committed 112000K, reserved 1179648K
  class space    used 13937K, committed 14912K, reserved 1048576K

Card table byte_map: [0x000001b416de0000,0x000001b4171f0000] _byte_map_base: 0x000001b4169e0000

Marking Bits: (ParMarkBitMap*) 0x00007fff31083450
 Begin Bits: [0x000001b4298f0000, 0x000001b42b8f0000)
 End Bits:   [0x000001b42b8f0000, 0x000001b42d8f0000)

Polling page: 0x000001b415090000

Metaspace:

Usage:
  Non-class:     93.72 MB used.
      Class:     13.61 MB used.
       Both:    107.33 MB used.

Virtual space:
  Non-class space:      128.00 MB reserved,      94.81 MB ( 74%) committed,  2 nodes.
      Class space:        1.00 GB reserved,      14.56 MB (  1%) committed,  1 nodes.
             Both:        1.12 GB reserved,     109.38 MB (  9%) committed. 

Chunk freelists:
   Non-Class:  1.19 MB
       Class:  1.47 MB
        Both:  2.66 MB

MaxMetaspaceSize: unlimited
CompressedClassSpaceSize: 1.00 GB
Initial GC threshold: 21.00 MB
Current GC threshold: 157.62 MB
CDS: on
 - commit_granule_bytes: 65536.
 - commit_granule_words: 8192.
 - virtual_space_node_default_size: 8388608.
 - enlarge_chunks_in_place: 1.
 - use_allocation_guard: 0.


Internal statistics:

num_allocs_failed_limit: 11.
num_arena_births: 2186.
num_arena_deaths: 16.
num_vsnodes_births: 3.
num_vsnodes_deaths: 0.
num_space_committed: 1750.
num_space_uncommitted: 0.
num_chunks_returned_to_freelist: 27.
num_chunks_taken_from_freelist: 7094.
num_chunk_merges: 15.
num_chunk_splits: 4554.
num_chunks_enlarged: 2872.
num_inconsistent_stats: 0.

CodeHeap 'non-profiled nmethods': size=120000Kb used=17207Kb max_used=17207Kb free=102792Kb
 bounds [0x000001b422110000, 0x000001b4231e0000, 0x000001b429640000]
CodeHeap 'profiled nmethods': size=120000Kb used=31375Kb max_used=31682Kb free=88624Kb
 bounds [0x000001b41a640000, 0x000001b41c590000, 0x000001b421b70000]
CodeHeap 'non-nmethods': size=5760Kb used=1493Kb max_used=1603Kb free=4266Kb
 bounds [0x000001b421b70000, 0x000001b421de0000, 0x000001b422110000]
CodeCache: size=245760Kb, used=50075Kb, max_used=50492Kb, free=195682Kb
 total_blobs=15447, nmethods=14631, adapters=719, full_count=0
Compilation: enabled, stopped_count=0, restarted_count=0

Compilation events (20 events):
Event: 33897.806 Thread 0x000001b4173db200 19259       4       jdk.internal.util.ByteArray::setInt (10 bytes)
Event: 33897.953 Thread 0x000001b4173db200 nmethod 19259 0x000001b422ac4690 code [0x000001b422ac4820, 0x000001b422ac4900]
Event: 33898.020 Thread 0x000001b4173db200 19260       4       org.eclipse.core.internal.dtree.NoDataDeltaNode::<init> (7 bytes)
Event: 33898.036 Thread 0x000001b4173db200 nmethod 19260 0x000001b422ac4110 code [0x000001b422ac42a0, 0x000001b422ac4390]
Event: 33898.274 Thread 0x000001b4707d5720 19261       3       org.eclipse.core.internal.resources.MarkerWriter::write (100 bytes)
Event: 33898.315 Thread 0x000001b4707d5720 nmethod 19261 0x000001b41af36a10 code [0x000001b41af36e20, 0x000001b41af38bb0]
Event: 33898.315 Thread 0x000001b4707d5720 19262       3       org.eclipse.core.internal.resources.MarkerInfo::getAttributes (35 bytes)
Event: 33898.316 Thread 0x000001b4707d5720 nmethod 19262 0x000001b41bed0d10 code [0x000001b41bed0f00, 0x000001b41bed1458]
Event: 33898.316 Thread 0x000001b4707d5720 19263       3       org.eclipse.core.internal.resources.MarkerAttributeMap::isEmpty (10 bytes)
Event: 33898.316 Thread 0x000001b4707d5720 nmethod 19263 0x000001b41bed0690 code [0x000001b41bed0860, 0x000001b41bed0bc0]
Event: 33898.486 Thread 0x000001b4707d5720 19264       3       org.eclipse.core.internal.localstore.FileSystemResourceManager::hasSavedDescription (61 bytes)
Event: 33898.756 Thread 0x000001b4707d5720 nmethod 19264 0x000001b41af34110 code [0x000001b41af344e0, 0x000001b41af36048]
Event: 33944.398 Thread 0x000001b4707d5720 19265       3       org.eclipse.lsp4j.jsonrpc.util.LimitedInputStream::available (26 bytes)
Event: 33944.657 Thread 0x000001b4707d5720 nmethod 19265 0x000001b41bed0090 code [0x000001b41bed0260, 0x000001b41bed0568]
Event: 33977.376 Thread 0x000001b4707d5720 19267   !   3       org.eclipse.lsp4j.jsonrpc.json.StreamMessageProducer::parseHeader (180 bytes)
Event: 33977.401 Thread 0x000001b4707d5720 nmethod 19267 0x000001b41af32690 code [0x000001b41af329e0, 0x000001b41af33a28]
Event: 33977.402 Thread 0x000001b4707d5720 19268   !   3       org.eclipse.lsp4j.jsonrpc.json.StreamMessageProducer::handleMessage (137 bytes)
Event: 33977.439 Thread 0x000001b4707d5720 nmethod 19268 0x000001b41af2ff90 code [0x000001b41af30320, 0x000001b41af319c0]
Event: 33977.439 Thread 0x000001b4707d5720 19270       3       org.eclipse.lsp4j.jsonrpc.json.adapters.MessageTypeAdapter::read (6 bytes)
Event: 33977.441 Thread 0x000001b4707d5720 nmethod 19270 0x000001b41af2fb90 code [0x000001b41af2fd40, 0x000001b41af2fe98]

GC Heap History (20 events):
Event: 33729.882 GC heap before
{Heap before GC invocations=5108 (full 5):
 PSYoungGen      total 7680K, used 7264K [0x00000000d5580000, 0x00000000d6080000, 0x0000000100000000)
  eden space 4096K, 100% used [0x00000000d5580000,0x00000000d5980000,0x00000000d5980000)
  from space 3584K, 88% used [0x00000000d5980000,0x00000000d5c98000,0x00000000d5d00000)
  to   space 3584K, 0% used [0x00000000d5d00000,0x00000000d5d00000,0x00000000d6080000)
 ParOldGen       total 861184K, used 860684K [0x0000000080000000, 0x00000000b4900000, 0x00000000d5580000)
  object space 861184K, 99% used [0x0000000080000000,0x00000000b4883028,0x00000000b4900000)
 Metaspace       used 109865K, committed 112000K, reserved 1179648K
  class space    used 13937K, committed 14912K, reserved 1048576K
}
Event: 33729.891 GC heap after
{Heap after GC invocations=5108 (full 5):
 PSYoungGen      total 4096K, used 3584K [0x00000000d5580000, 0x00000000d6a80000, 0x0000000100000000)
  eden space 512K, 0% used [0x00000000d5580000,0x00000000d5580000,0x00000000d5600000)
  from space 3584K, 100% used [0x00000000d5d00000,0x00000000d6080000,0x00000000d6080000)
  to   space 7168K, 0% used [0x00000000d5600000,0x00000000d5600000,0x00000000d5d00000)
 ParOldGen       total 864768K, used 864276K [0x0000000080000000, 0x00000000b4c80000, 0x00000000d5580000)
  object space 864768K, 99% used [0x0000000080000000,0x00000000b4c05028,0x00000000b4c80000)
 Metaspace       used 109865K, committed 112000K, reserved 1179648K
  class space    used 13937K, committed 14912K, reserved 1048576K
}
Event: 33729.896 GC heap before
{Heap before GC invocations=5109 (full 5):
 PSYoungGen      total 4096K, used 4096K [0x00000000d5580000, 0x00000000d6a80000, 0x0000000100000000)
  eden space 512K, 100% used [0x00000000d5580000,0x00000000d5600000,0x00000000d5600000)
  from space 3584K, 100% used [0x00000000d5d00000,0x00000000d6080000,0x00000000d6080000)
  to   space 7168K, 0% used [0x00000000d5600000,0x00000000d5600000,0x00000000d5d00000)
 ParOldGen       total 864768K, used 864276K [0x0000000080000000, 0x00000000b4c80000, 0x00000000d5580000)
  object space 864768K, 99% used [0x0000000080000000,0x00000000b4c05028,0x00000000b4c80000)
 Metaspace       used 109865K, committed 112000K, reserved 1179648K
  class space    used 13937K, committed 14912K, reserved 1048576K
}
Event: 33729.902 GC heap after
{Heap after GC invocations=5109 (full 5):
 PSYoungGen      total 1536K, used 640K [0x00000000d5580000, 0x00000000d5d80000, 0x0000000100000000)
  eden space 512K, 0% used [0x00000000d5580000,0x00000000d5580000,0x00000000d5600000)
  from space 1024K, 62% used [0x00000000d5600000,0x00000000d56a0000,0x00000000d5700000)
  to   space 3072K, 0% used [0x00000000d5a80000,0x00000000d5a80000,0x00000000d5d80000)
 ParOldGen       total 868352K, used 867924K [0x0000000080000000, 0x00000000b5000000, 0x00000000d5580000)
  object space 868352K, 99% used [0x0000000080000000,0x00000000b4f95028,0x00000000b5000000)
 Metaspace       used 109865K, committed 112000K, reserved 1179648K
  class space    used 13937K, committed 14912K, reserved 1048576K
}
Event: 33729.905 GC heap before
{Heap before GC invocations=5110 (full 5):
 PSYoungGen      total 1536K, used 1152K [0x00000000d5580000, 0x00000000d5d80000, 0x0000000100000000)
  eden space 512K, 100% used [0x00000000d5580000,0x00000000d5600000,0x00000000d5600000)
  from space 1024K, 62% used [0x00000000d5600000,0x00000000d56a0000,0x00000000d5700000)
  to   space 3072K, 0% used [0x00000000d5a80000,0x00000000d5a80000,0x00000000d5d80000)
 ParOldGen       total 868352K, used 867924K [0x0000000080000000, 0x00000000b5000000, 0x00000000d5580000)
  object space 868352K, 99% used [0x0000000080000000,0x00000000b4f95028,0x00000000b5000000)
 Metaspace       used 109865K, committed 112000K, reserved 1179648K
  class space    used 13937K, committed 14912K, reserved 1048576K
}
Event: 33729.909 GC heap after
{Heap after GC invocations=5110 (full 5):
 PSYoungGen      total 2048K, used 608K [0x00000000d5580000, 0x00000000d5b80000, 0x0000000100000000)
  eden space 1024K, 0% used [0x00000000d5580000,0x00000000d5580000,0x00000000d5680000)
  from space 1024K, 59% used [0x00000000d5a80000,0x00000000d5b18000,0x00000000d5b80000)
  to   space 1024K, 0% used [0x00000000d5980000,0x00000000d5980000,0x00000000d5a80000)
 ParOldGen       total 868864K, used 868452K [0x0000000080000000, 0x00000000b5080000, 0x00000000d5580000)
  object space 868864K, 99% used [0x0000000080000000,0x00000000b5019028,0x00000000b5080000)
 Metaspace       used 109865K, committed 112000K, reserved 1179648K
  class space    used 13937K, committed 14912K, reserved 1048576K
}
Event: 33729.914 GC heap before
{Heap before GC invocations=5111 (full 5):
 PSYoungGen      total 2048K, used 1632K [0x00000000d5580000, 0x00000000d5b80000, 0x0000000100000000)
  eden space 1024K, 100% used [0x00000000d5580000,0x00000000d5680000,0x00000000d5680000)
  from space 1024K, 59% used [0x00000000d5a80000,0x00000000d5b18000,0x00000000d5b80000)
  to   space 1024K, 0% used [0x00000000d5980000,0x00000000d5980000,0x00000000d5a80000)
 ParOldGen       total 868864K, used 868452K [0x0000000080000000, 0x00000000b5080000, 0x00000000d5580000)
  object space 868864K, 99% used [0x0000000080000000,0x00000000b5019028,0x00000000b5080000)
 Metaspace       used 109865K, committed 112000K, reserved 1179648K
  class space    used 13937K, committed 14912K, reserved 1048576K
}
Event: 33729.918 GC heap after
{Heap after GC invocations=5111 (full 5):
 PSYoungGen      total 2560K, used 1024K [0x00000000d5580000, 0x00000000d5b00000, 0x0000000100000000)
  eden space 1536K, 0% used [0x00000000d5580000,0x00000000d5580000,0x00000000d5700000)
  from space 1024K, 100% used [0x00000000d5980000,0x00000000d5a80000,0x00000000d5a80000)
  to   space 512K, 0% used [0x00000000d5a80000,0x00000000d5a80000,0x00000000d5b00000)
 ParOldGen       total 869376K, used 868988K [0x0000000080000000, 0x00000000b5100000, 0x00000000d5580000)
  object space 869376K, 99% used [0x0000000080000000,0x00000000b509f028,0x00000000b5100000)
 Metaspace       used 109865K, committed 112000K, reserved 1179648K
  class space    used 13937K, committed 14912K, reserved 1048576K
}
Event: 33729.928 GC heap before
{Heap before GC invocations=5112 (full 5):
 PSYoungGen      total 2560K, used 2560K [0x00000000d5580000, 0x00000000d5b00000, 0x0000000100000000)
  eden space 1536K, 100% used [0x00000000d5580000,0x00000000d5700000,0x00000000d5700000)
  from space 1024K, 100% used [0x00000000d5980000,0x00000000d5a80000,0x00000000d5a80000)
  to   space 512K, 0% used [0x00000000d5a80000,0x00000000d5a80000,0x00000000d5b00000)
 ParOldGen       total 869376K, used 868988K [0x0000000080000000, 0x00000000b5100000, 0x00000000d5580000)
  object space 869376K, 99% used [0x0000000080000000,0x00000000b509f028,0x00000000b5100000)
 Metaspace       used 109865K, committed 112000K, reserved 1179648K
  class space    used 13937K, committed 14912K, reserved 1048576K
}
Event: 33729.932 GC heap after
{Heap after GC invocations=5112 (full 5):
 PSYoungGen      total 2560K, used 512K [0x00000000d5580000, 0x00000000d5d80000, 0x0000000100000000)
  eden space 2048K, 0% used [0x00000000d5580000,0x00000000d5580000,0x00000000d5780000)
  from space 512K, 100% used [0x00000000d5a80000,0x00000000d5b00000,0x00000000d5b00000)
  to   space 3072K, 0% used [0x00000000d5780000,0x00000000d5780000,0x00000000d5a80000)
 ParOldGen       total 871424K, used 870988K [0x0000000080000000, 0x00000000b5300000, 0x00000000d5580000)
  object space 871424K, 99% used [0x0000000080000000,0x00000000b5293028,0x00000000b5300000)
 Metaspace       used 109865K, committed 112000K, reserved 1179648K
  class space    used 13937K, committed 14912K, reserved 1048576K
}
Event: 33729.945 GC heap before
{Heap before GC invocations=5113 (full 5):
 PSYoungGen      total 2560K, used 2560K [0x00000000d5580000, 0x00000000d5d80000, 0x0000000100000000)
  eden space 2048K, 100% used [0x00000000d5580000,0x00000000d5780000,0x00000000d5780000)
  from space 512K, 100% used [0x00000000d5a80000,0x00000000d5b00000,0x00000000d5b00000)
  to   space 3072K, 0% used [0x00000000d5780000,0x00000000d5780000,0x00000000d5a80000)
 ParOldGen       total 871424K, used 870988K [0x0000000080000000, 0x00000000b5300000, 0x00000000d5580000)
  object space 871424K, 99% used [0x0000000080000000,0x00000000b5293028,0x00000000b5300000)
 Metaspace       used 109865K, committed 112000K, reserved 1179648K
  class space    used 13937K, committed 14912K, reserved 1048576K
}
Event: 33729.949 GC heap after
{Heap after GC invocations=5113 (full 5):
 PSYoungGen      total 5120K, used 2144K [0x00000000d5580000, 0x00000000d5d00000, 0x0000000100000000)
  eden space 2048K, 0% used [0x00000000d5580000,0x00000000d5580000,0x00000000d5780000)
  from space 3072K, 69% used [0x00000000d5780000,0x00000000d5998000,0x00000000d5a80000)
  to   space 2560K, 0% used [0x00000000d5a80000,0x00000000d5a80000,0x00000000d5d00000)
 ParOldGen       total 871936K, used 871540K [0x0000000080000000, 0x00000000b5380000, 0x00000000d5580000)
  object space 871936K, 99% used [0x0000000080000000,0x00000000b531d028,0x00000000b5380000)
 Metaspace       used 109865K, committed 112000K, reserved 1179648K
  class space    used 13937K, committed 14912K, reserved 1048576K
}
Event: 33729.962 GC heap before
{Heap before GC invocations=5114 (full 5):
 PSYoungGen      total 5120K, used 4126K [0x00000000d5580000, 0x00000000d5d00000, 0x0000000100000000)
  eden space 2048K, 96% used [0x00000000d5580000,0x00000000d576f840,0x00000000d5780000)
  from space 3072K, 69% used [0x00000000d5780000,0x00000000d5998000,0x00000000d5a80000)
  to   space 2560K, 0% used [0x00000000d5a80000,0x00000000d5a80000,0x00000000d5d00000)
 ParOldGen       total 871936K, used 871540K [0x0000000080000000, 0x00000000b5380000, 0x00000000d5580000)
  object space 871936K, 99% used [0x0000000080000000,0x00000000b531d028,0x00000000b5380000)
 Metaspace       used 109865K, committed 112000K, reserved 1179648K
  class space    used 13937K, committed 14912K, reserved 1048576K
}
Event: 33729.967 GC heap after
{Heap after GC invocations=5114 (full 5):
 PSYoungGen      total 4608K, used 1936K [0x00000000d5580000, 0x00000000d5c80000, 0x0000000100000000)
  eden space 2560K, 0% used [0x00000000d5580000,0x00000000d5580000,0x00000000d5800000)
  from space 2048K, 94% used [0x00000000d5a80000,0x00000000d5c64000,0x00000000d5c80000)
  to   space 2048K, 0% used [0x00000000d5880000,0x00000000d5880000,0x00000000d5a80000)
 ParOldGen       total 873984K, used 873596K [0x0000000080000000, 0x00000000b5580000, 0x00000000d5580000)
  object space 873984K, 99% used [0x0000000080000000,0x00000000b551f028,0x00000000b5580000)
 Metaspace       used 109865K, committed 112000K, reserved 1179648K
  class space    used 13937K, committed 14912K, reserved 1048576K
}
Event: 33730.008 GC heap before
{Heap before GC invocations=5115 (full 5):
 PSYoungGen      total 4608K, used 4344K [0x00000000d5580000, 0x00000000d5c80000, 0x0000000100000000)
  eden space 2560K, 94% used [0x00000000d5580000,0x00000000d57da0d0,0x00000000d5800000)
  from space 2048K, 94% used [0x00000000d5a80000,0x00000000d5c64000,0x00000000d5c80000)
  to   space 2048K, 0% used [0x00000000d5880000,0x00000000d5880000,0x00000000d5a80000)
 ParOldGen       total 873984K, used 873596K [0x0000000080000000, 0x00000000b5580000, 0x00000000d5580000)
  object space 873984K, 99% used [0x0000000080000000,0x00000000b551f028,0x00000000b5580000)
 Metaspace       used 109865K, committed 112000K, reserved 1179648K
  class space    used 13937K, committed 14912K, reserved 1048576K
}
Event: 33730.013 GC heap after
{Heap after GC invocations=5115 (full 5):
 PSYoungGen      total 5120K, used 2048K [0x00000000d5580000, 0x00000000d6080000, 0x0000000100000000)
  eden space 3072K, 0% used [0x00000000d5580000,0x00000000d5580000,0x00000000d5880000)
  from space 2048K, 100% used [0x00000000d5880000,0x00000000d5a80000,0x00000000d5a80000)
  to   space 4096K, 0% used [0x00000000d5c80000,0x00000000d5c80000,0x00000000d6080000)
 ParOldGen       total 875520K, used 875268K [0x0000000080000000, 0x00000000b5700000, 0x00000000d5580000)
  object space 875520K, 99% used [0x0000000080000000,0x00000000b56c1028,0x00000000b5700000)
 Metaspace       used 109865K, committed 112000K, reserved 1179648K
  class space    used 13937K, committed 14912K, reserved 1048576K
}
Event: 33730.247 GC heap before
{Heap before GC invocations=5116 (full 5):
 PSYoungGen      total 5120K, used 3918K [0x00000000d5580000, 0x00000000d6080000, 0x0000000100000000)
  eden space 3072K, 60% used [0x00000000d5580000,0x00000000d5753b10,0x00000000d5880000)
  from space 2048K, 100% used [0x00000000d5880000,0x00000000d5a80000,0x00000000d5a80000)
  to   space 4096K, 0% used [0x00000000d5c80000,0x00000000d5c80000,0x00000000d6080000)
 ParOldGen       total 875520K, used 875268K [0x0000000080000000, 0x00000000b5700000, 0x00000000d5580000)
  object space 875520K, 99% used [0x0000000080000000,0x00000000b56c1028,0x00000000b5700000)
 Metaspace       used 109865K, committed 112000K, reserved 1179648K
  class space    used 13937K, committed 14912K, reserved 1048576K
}
Event: 33730.253 GC heap after
{Heap after GC invocations=5116 (full 5):
 PSYoungGen      total 7168K, used 1984K [0x00000000d5580000, 0x00000000d5f80000, 0x0000000100000000)
  eden space 4096K, 0% used [0x00000000d5580000,0x00000000d5580000,0x00000000d5980000)
  from space 3072K, 64% used [0x00000000d5c80000,0x00000000d5e70000,0x00000000d5f80000)
  to   space 3072K, 0% used [0x00000000d5980000,0x00000000d5980000,0x00000000d5c80000)
 ParOldGen       total 877056K, used 876668K [0x0000000080000000, 0x00000000b5880000, 0x00000000d5580000)
  object space 877056K, 99% used [0x0000000080000000,0x00000000b581f028,0x00000000b5880000)
 Metaspace       used 109865K, committed 112000K, reserved 1179648K
  class space    used 13937K, committed 14912K, reserved 1048576K
}
Event: 33730.852 GC heap before
{Heap before GC invocations=5117 (full 5):
 PSYoungGen      total 7168K, used 6080K [0x00000000d5580000, 0x00000000d5f80000, 0x0000000100000000)
  eden space 4096K, 100% used [0x00000000d5580000,0x00000000d5980000,0x00000000d5980000)
  from space 3072K, 64% used [0x00000000d5c80000,0x00000000d5e70000,0x00000000d5f80000)
  to   space 3072K, 0% used [0x00000000d5980000,0x00000000d5980000,0x00000000d5c80000)
 ParOldGen       total 877056K, used 876668K [0x0000000080000000, 0x00000000b5880000, 0x00000000d5580000)
  object space 877056K, 99% used [0x0000000080000000,0x00000000b581f028,0x00000000b5880000)
 Metaspace       used 109883K, committed 112000K, reserved 1179648K
  class space    used 13937K, committed 14912K, reserved 1048576K
}
Event: 33730.861 GC heap after
{Heap after GC invocations=5117 (full 5):
 PSYoungGen      total 7168K, used 3069K [0x00000000d5580000, 0x00000000d6480000, 0x0000000100000000)
  eden space 4096K, 0% used [0x00000000d5580000,0x00000000d5580000,0x00000000d5980000)
  from space 3072K, 99% used [0x00000000d5980000,0x00000000d5c7f550,0x00000000d5c80000)
  to   space 5632K, 0% used [0x00000000d5f00000,0x00000000d5f00000,0x00000000d6480000)
 ParOldGen       total 879104K, used 878636K [0x0000000080000000, 0x00000000b5a80000, 0x00000000d5580000)
  object space 879104K, 99% used [0x0000000080000000,0x00000000b5a0b028,0x00000000b5a80000)
 Metaspace       used 109883K, committed 112000K, reserved 1179648K
  class space    used 13937K, committed 14912K, reserved 1048576K
}

Dll operation events (17 events):
Event: 0.267 Loaded shared library c:\Users\HOME\.antigravity-ide\extensions\redhat.java-1.54.0-win32-x64\jre\21.0.10-win32-x86_64\bin\java.dll
Event: 0.581 Loaded shared library c:\Users\HOME\.antigravity-ide\extensions\redhat.java-1.54.0-win32-x64\jre\21.0.10-win32-x86_64\bin\zip.dll
Event: 0.709 Loaded shared library C:\Users\HOME\.antigravity-ide\extensions\redhat.java-1.54.0-win32-x64\jre\21.0.10-win32-x86_64\bin\instrument.dll
Event: 0.782 Loaded shared library C:\Users\HOME\.antigravity-ide\extensions\redhat.java-1.54.0-win32-x64\jre\21.0.10-win32-x86_64\bin\net.dll
Event: 0.831 Loaded shared library C:\Users\HOME\.antigravity-ide\extensions\redhat.java-1.54.0-win32-x64\jre\21.0.10-win32-x86_64\bin\nio.dll
Event: 0.854 Loaded shared library C:\Users\HOME\.antigravity-ide\extensions\redhat.java-1.54.0-win32-x64\jre\21.0.10-win32-x86_64\bin\zip.dll
Event: 0.969 Loaded shared library C:\Users\HOME\.antigravity-ide\extensions\redhat.java-1.54.0-win32-x64\jre\21.0.10-win32-x86_64\bin\jimage.dll
Event: 1.514 Loaded shared library c:\Users\HOME\.antigravity-ide\extensions\redhat.java-1.54.0-win32-x64\jre\21.0.10-win32-x86_64\bin\verify.dll
Event: 26.333 Loaded shared library C:\Users\HOME\AppData\Roaming\Antigravity IDE\User\globalStorage\redhat.java\1.54.0\config_win\org.eclipse.equinox.launcher\org.eclipse.equinox.launcher.win32.win32.x86_64_1.3.0.v20260203-2149\eclipse_11919.dll
Event: 30.731 Loaded shared library C:\Users\HOME\.antigravity-ide\extensions\redhat.java-1.54.0-win32-x64\jre\21.0.10-win32-x86_64\bin\management.dll
Event: 30.737 Loaded shared library C:\Users\HOME\.antigravity-ide\extensions\redhat.java-1.54.0-win32-x64\jre\21.0.10-win32-x86_64\bin\management_ext.dll
Event: 36.303 Loaded shared library C:\Users\HOME\AppData\Local\Temp\jna-2223327\jna10611201612260888444.dll
Event: 37.426 Loaded shared library C:\Users\HOME\.antigravity-ide\extensions\redhat.java-1.54.0-win32-x64\jre\21.0.10-win32-x86_64\bin\sunmscapi.dll
Event: 37.588 Loaded shared library C:\Users\HOME\.antigravity-ide\extensions\redhat.java-1.54.0-win32-x64\jre\21.0.10-win32-x86_64\bin\extnet.dll
Event: 83.858 Loaded shared library C:\Users\HOME\.gradle\native\c067742578af261105cb4f569cf0c3c89f3d7b1fecec35dd04571415982c5e48\windows-amd64\native-platform.dll
Event: 1120.643 Loaded shared library C:\Users\HOME\.gradle\native\c067742578af261105cb4f569cf0c3c89f3d7b1fecec35dd04571415982c5e48\windows-amd64-min\native-platform.dll
Event: 1645.662 Loaded shared library C:\Users\HOME\.gradle\native\e1d6ef7f7dcc3fd88c89a11ec53ec762bb8ba0a96d01ffa2cd45eb1d1d8dd5c5\windows-amd64\native-platform.dll

Deoptimization events (20 events):
Event: 33728.781 Thread 0x000001b47aee4960 Uncommon trap: trap_request=0xffffffc6 fr.pc=0x000001b422a97638 relative=0x0000000000000998
Event: 33728.781 Thread 0x000001b47aee4960 Uncommon trap: reason=bimorphic_or_optimized_type_check action=maybe_recompile pc=0x000001b422a97638 method=lombok.eclipse.EclipseNode.traverse(Llombok/eclipse/EclipseASTVisitor;)V @ 512 c2
Event: 33728.781 Thread 0x000001b47aee4960 DEOPT PACKING pc=0x000001b422a97638 sp=0x00000083ac5fe8f0
Event: 33728.781 Thread 0x000001b47aee4960 DEOPT UNPACKING pc=0x000001b421bc3aa2 sp=0x00000083ac5fe880 mode 2
Event: 33729.130 Thread 0x000001b47653c0d0 Uncommon trap: trap_request=0xffffff45 fr.pc=0x000001b42282583c relative=0x000000000000205c
Event: 33729.130 Thread 0x000001b47653c0d0 Uncommon trap: reason=unstable_if action=reinterpret pc=0x000001b42282583c method=org.eclipse.jdt.internal.core.index.DiskIndex.mergeCategory([CLorg/eclipse/jdt/internal/core/index/DiskIndex;[ILjava/io/OutputStream;)V @ 120 c2
Event: 33729.130 Thread 0x000001b47653c0d0 DEOPT PACKING pc=0x000001b42282583c sp=0x00000083ab8ff040
Event: 33729.137 Thread 0x000001b47653c0d0 DEOPT UNPACKING pc=0x000001b421bc3aa2 sp=0x00000083ab8ff028 mode 2
Event: 33729.419 Thread 0x000001b47653c0d0 DEOPT PACKING pc=0x000001b41b6d410b sp=0x00000083ab8fef50
Event: 33729.419 Thread 0x000001b47653c0d0 DEOPT UNPACKING pc=0x000001b421bc4242 sp=0x00000083ab8fe518 mode 0
Event: 33730.840 Thread 0x000001b47653c0d0 DEOPT PACKING pc=0x000001b41c24c58e sp=0x00000083ab8feef0
Event: 33730.840 Thread 0x000001b47653c0d0 DEOPT UNPACKING pc=0x000001b421bc4242 sp=0x00000083ab8fe408 mode 0
Event: 33730.875 Thread 0x000001b47653c0d0 Uncommon trap: trap_request=0xffffff45 fr.pc=0x000001b422e97608 relative=0x00000000000014a8
Event: 33730.876 Thread 0x000001b47653c0d0 Uncommon trap: reason=unstable_if action=reinterpret pc=0x000001b422e97608 method=org.eclipse.jdt.internal.core.index.DiskIndex.addQueryResult(Lorg/eclipse/jdt/internal/compiler/util/HashtableOfObject;[CLjava/lang/Object;Lorg/eclipse/jdt/internal/core/ind
Event: 33730.876 Thread 0x000001b47653c0d0 DEOPT PACKING pc=0x000001b422e97608 sp=0x00000083ab8ff2f0
Event: 33730.876 Thread 0x000001b47653c0d0 DEOPT UNPACKING pc=0x000001b421bc3aa2 sp=0x00000083ab8ff1d8 mode 2
Event: 34030.003 Thread 0x000001b47aeded80 Uncommon trap: trap_request=0xffffff45 fr.pc=0x000001b42277d8f4 relative=0x0000000000000154
Event: 34030.762 Thread 0x000001b47aeded80 Uncommon trap: reason=unstable_if action=reinterpret pc=0x000001b42277d8f4 method=java.util.concurrent.locks.AbstractQueuedSynchronizer.tryInitializeHead()Ljava/util/concurrent/locks/AbstractQueuedSynchronizer$Node; @ 56 c2
Event: 34030.762 Thread 0x000001b47aeded80 DEOPT PACKING pc=0x000001b42277d8f4 sp=0x00000083ab7ff1e0
Event: 34030.771 Thread 0x000001b47aeded80 DEOPT UNPACKING pc=0x000001b421bc3aa2 sp=0x00000083ab7ff160 mode 2

Classes loaded (20 events):
Event: 2030.476 Loading class java/io/SequenceInputStream
Event: 2030.479 Loading class java/io/SequenceInputStream done
Event: 23752.855 Loading class java/util/stream/ReferencePipeline$4
Event: 23752.857 Loading class java/util/stream/ReferencePipeline$4 done
Event: 23752.859 Loading class java/util/stream/Nodes$IntFixedNodeBuilder
Event: 23752.860 Loading class java/util/stream/Node$Builder$OfInt
Event: 23752.861 Loading class java/util/stream/Node$Builder$OfInt done
Event: 23752.861 Loading class java/util/stream/Nodes$IntArrayNode
Event: 23752.862 Loading class java/util/stream/Nodes$IntArrayNode done
Event: 23752.862 Loading class java/util/stream/Nodes$IntFixedNodeBuilder done
Event: 23752.863 Loading class java/util/stream/ReferencePipeline$4$1
Event: 23752.863 Loading class java/util/stream/ReferencePipeline$4$1 done
Event: 23754.052 Loading class java/util/stream/ReduceOps$4
Event: 23754.053 Loading class java/util/stream/ReduceOps$4 done
Event: 23754.053 Loading class java/util/stream/ReduceOps$4ReducingSink
Event: 23754.054 Loading class java/util/stream/ReduceOps$4ReducingSink done
Event: 23754.061 Loading class java/nio/file/Files$2
Event: 23754.062 Loading class java/nio/file/Files$2 done
Event: 23754.455 Loading class java/util/Hashtable$ValueCollection
Event: 23754.455 Loading class java/util/Hashtable$ValueCollection done

Classes unloaded (8 events):
Event: 32.614 Thread 0x000001b4173b1de0 Unloading class 0x000001b42f1b3000 'java/lang/invoke/LambdaForm$MH+0x000001b42f1b3000'
Event: 32.614 Thread 0x000001b4173b1de0 Unloading class 0x000001b42f1b2c00 'java/lang/invoke/LambdaForm$MH+0x000001b42f1b2c00'
Event: 32.614 Thread 0x000001b4173b1de0 Unloading class 0x000001b42f1b2800 'java/lang/invoke/LambdaForm$MH+0x000001b42f1b2800'
Event: 32.614 Thread 0x000001b4173b1de0 Unloading class 0x000001b42f1b2400 'java/lang/invoke/LambdaForm$MH+0x000001b42f1b2400'
Event: 32.614 Thread 0x000001b4173b1de0 Unloading class 0x000001b42f1b2000 'java/lang/invoke/LambdaForm$BMH+0x000001b42f1b2000'
Event: 32.614 Thread 0x000001b4173b1de0 Unloading class 0x000001b42f1b1c00 'java/lang/invoke/LambdaForm$DMH+0x000001b42f1b1c00'
Event: 32.614 Thread 0x000001b4173b1de0 Unloading class 0x000001b42f1b0800 'java/lang/invoke/LambdaForm$DMH+0x000001b42f1b0800'
Event: 36.484 Thread 0x000001b4173b1de0 Unloading class 0x000001b42f2b4000 'java/lang/invoke/LambdaForm$MH+0x000001b42f2b4000'

Classes redefined (0 events):
No events

Internal exceptions (20 events):
Event: 33897.369 Thread 0x000001b47aee4ff0 Exception <a 'sun/nio/fs/WindowsException'{0x00000000d57f4780}> (0x00000000d57f4780) 
thrown [s\src\hotspot\share\prims\jni.cpp, line 520]
Event: 33897.369 Thread 0x000001b47aee4ff0 Exception <a 'sun/nio/fs/WindowsException'{0x00000000d57f5130}> (0x00000000d57f5130) 
thrown [s\src\hotspot\share\prims\jni.cpp, line 520]
Event: 33897.377 Thread 0x000001b47aee4ff0 Exception <a 'sun/nio/fs/WindowsException'{0x00000000d57f6bd8}> (0x00000000d57f6bd8) 
thrown [s\src\hotspot\share\prims\jni.cpp, line 520]
Event: 33897.377 Thread 0x000001b47aee4ff0 Exception <a 'sun/nio/fs/WindowsException'{0x00000000d57f7588}> (0x00000000d57f7588) 
thrown [s\src\hotspot\share\prims\jni.cpp, line 520]
Event: 33897.403 Thread 0x000001b47aee4ff0 Exception <a 'sun/nio/fs/WindowsException'{0x00000000d57f8b28}> (0x00000000d57f8b28) 
thrown [s\src\hotspot\share\prims\jni.cpp, line 520]
Event: 33897.404 Thread 0x000001b47aee4ff0 Exception <a 'sun/nio/fs/WindowsException'{0x00000000d57f93f0}> (0x00000000d57f93f0) 
thrown [s\src\hotspot\share\prims\jni.cpp, line 520]
Event: 33897.470 Thread 0x000001b47aee4ff0 Exception <a 'sun/nio/fs/WindowsException'{0x00000000d581f868}> (0x00000000d581f868) 
thrown [s\src\hotspot\share\prims\jni.cpp, line 520]
Event: 33897.470 Thread 0x000001b47aee4ff0 Exception <a 'sun/nio/fs/WindowsException'{0x00000000d5820218}> (0x00000000d5820218) 
thrown [s\src\hotspot\share\prims\jni.cpp, line 520]
Event: 33897.471 Thread 0x000001b47aee4ff0 Exception <a 'sun/nio/fs/WindowsException'{0x00000000d5821a80}> (0x00000000d5821a80) 
thrown [s\src\hotspot\share\prims\jni.cpp, line 520]
Event: 33897.471 Thread 0x000001b47aee4ff0 Exception <a 'sun/nio/fs/WindowsException'{0x00000000d5822430}> (0x00000000d5822430) 
thrown [s\src\hotspot\share\prims\jni.cpp, line 520]
Event: 33897.483 Thread 0x000001b47aee4ff0 Exception <a 'sun/nio/fs/WindowsException'{0x00000000d5823c98}> (0x00000000d5823c98) 
thrown [s\src\hotspot\share\prims\jni.cpp, line 520]
Event: 33897.483 Thread 0x000001b47aee4ff0 Exception <a 'sun/nio/fs/WindowsException'{0x00000000d5824648}> (0x00000000d5824648) 
thrown [s\src\hotspot\share\prims\jni.cpp, line 520]
Event: 33897.484 Thread 0x000001b47aee4ff0 Exception <a 'sun/nio/fs/WindowsException'{0x00000000d5825eb0}> (0x00000000d5825eb0) 
thrown [s\src\hotspot\share\prims\jni.cpp, line 520]
Event: 33897.484 Thread 0x000001b47aee4ff0 Exception <a 'sun/nio/fs/WindowsException'{0x00000000d5826860}> (0x00000000d5826860) 
thrown [s\src\hotspot\share\prims\jni.cpp, line 520]
Event: 33897.486 Thread 0x000001b47aee4ff0 Exception <a 'sun/nio/fs/WindowsException'{0x00000000d5827e00}> (0x00000000d5827e00) 
thrown [s\src\hotspot\share\prims\jni.cpp, line 520]
Event: 33897.506 Thread 0x000001b47aee4ff0 Exception <a 'sun/nio/fs/WindowsException'{0x00000000d58286c8}> (0x00000000d58286c8) 
thrown [s\src\hotspot\share\prims\jni.cpp, line 520]
Event: 33897.510 Thread 0x000001b47aee4ff0 Exception <a 'sun/nio/fs/WindowsException'{0x00000000d582b3a0}> (0x00000000d582b3a0) 
thrown [s\src\hotspot\share\prims\jni.cpp, line 520]
Event: 33897.510 Thread 0x000001b47aee4ff0 Exception <a 'sun/nio/fs/WindowsException'{0x00000000d582bc68}> (0x00000000d582bc68) 
thrown [s\src\hotspot\share\prims\jni.cpp, line 520]
Event: 33897.518 Thread 0x000001b47aee4ff0 Exception <a 'sun/nio/fs/WindowsException'{0x00000000d582d460}> (0x00000000d582d460) 
thrown [s\src\hotspot\share\prims\jni.cpp, line 520]
Event: 33897.518 Thread 0x000001b47aee4ff0 Exception <a 'sun/nio/fs/WindowsException'{0x00000000d582dd28}> (0x00000000d582dd28) 
thrown [s\src\hotspot\share\prims\jni.cpp, line 520]

ZGC Phase Switch (0 events):
No events

VM Operations (20 events):
Event: 33752.074 Executing safepoint VM operation: Cleanup
Event: 33752.074 Executing safepoint VM operation: Cleanup done
Event: 33787.287 Executing non-safepoint VM operation: HandshakeAllThreads (HandshakeForDeflation)
Event: 33789.724 Executing non-safepoint VM operation: HandshakeAllThreads (HandshakeForDeflation) done
Event: 33789.724 Executing non-safepoint VM operation: RendezvousGCThreads
Event: 33789.724 Executing non-safepoint VM operation: RendezvousGCThreads done
Event: 33846.506 Executing non-safepoint VM operation: HandshakeAllThreads (HandshakeForDeflation)
Event: 33846.509 Executing non-safepoint VM operation: HandshakeAllThreads (HandshakeForDeflation) done
Event: 33846.510 Executing non-safepoint VM operation: RendezvousGCThreads
Event: 33846.510 Executing non-safepoint VM operation: RendezvousGCThreads done
Event: 33898.894 Executing safepoint VM operation: Cleanup
Event: 33898.911 Executing safepoint VM operation: Cleanup done
Event: 33906.611 Executing non-safepoint VM operation: HandshakeAllThreads (HandshakeForDeflation)
Event: 33906.611 Executing non-safepoint VM operation: HandshakeAllThreads (HandshakeForDeflation) done
Event: 33906.611 Executing non-safepoint VM operation: RendezvousGCThreads
Event: 33906.611 Executing non-safepoint VM operation: RendezvousGCThreads done
Event: 34027.692 Executing non-safepoint VM operation: HandshakeAllThreads (HandshakeForDeflation)
Event: 34028.289 Executing non-safepoint VM operation: HandshakeAllThreads (HandshakeForDeflation) done
Event: 34028.289 Executing non-safepoint VM operation: RendezvousGCThreads
Event: 34028.289 Executing non-safepoint VM operation: RendezvousGCThreads done

Memory protections (0 events):
No events

Nmethod flushes (20 events):
Event: 1476.891 Thread 0x000001b4173b1de0 flushing  nmethod 0x000001b41c264290
Event: 1476.891 Thread 0x000001b4173b1de0 flushing osr nmethod 0x000001b41c264d10
Event: 1476.891 Thread 0x000001b4173b1de0 flushing  nmethod 0x000001b41c26bf10
Event: 1476.891 Thread 0x000001b4173b1de0 flushing  nmethod 0x000001b41c26d610
Event: 1476.891 Thread 0x000001b4173b1de0 flushing  nmethod 0x000001b41c26dc90
Event: 1476.892 Thread 0x000001b4173b1de0 flushing  nmethod 0x000001b41c26e510
Event: 1476.892 Thread 0x000001b4173b1de0 flushing  nmethod 0x000001b41c26ec90
Event: 1476.892 Thread 0x000001b4173b1de0 flushing  nmethod 0x000001b41c271010
Event: 1476.892 Thread 0x000001b4173b1de0 flushing  nmethod 0x000001b41c278b90
Event: 1476.892 Thread 0x000001b4173b1de0 flushing osr nmethod 0x000001b41c27b110
Event: 1476.892 Thread 0x000001b4173b1de0 flushing  nmethod 0x000001b41c280190
Event: 1476.892 Thread 0x000001b4173b1de0 flushing  nmethod 0x000001b41c282e90
Event: 1476.892 Thread 0x000001b4173b1de0 flushing  nmethod 0x000001b41c298390
Event: 1476.892 Thread 0x000001b4173b1de0 flushing  nmethod 0x000001b41c2cbb10
Event: 1476.892 Thread 0x000001b4173b1de0 flushing  nmethod 0x000001b41c2d0790
Event: 1476.892 Thread 0x000001b4173b1de0 flushing  nmethod 0x000001b41c2d2010
Event: 1476.892 Thread 0x000001b4173b1de0 flushing  nmethod 0x000001b41c2d3410
Event: 1476.892 Thread 0x000001b4173b1de0 flushing  nmethod 0x000001b41c2d4190
Event: 1476.892 Thread 0x000001b4173b1de0 flushing  nmethod 0x000001b41c2d7e90
Event: 1476.893 Thread 0x000001b4173b1de0 flushing  nmethod 0x000001b41c2f0f90

Events (20 events):
Event: 33889.443 Thread 0x000001b47aee4ff0 Thread added: 0x000001b47aee2890
Event: 33889.535 Thread 0x000001b47aee2890 Thread exited: 0x000001b47aee2890
Event: 33897.546 Thread 0x000001b47aee4ff0 Thread added: 0x000001b47aee2890
Event: 33897.558 Thread 0x000001b47aee2890 Thread added: 0x000001b47aee5680
Event: 33897.564 Thread 0x000001b47aee2890 Thread added: 0x000001b47aee4960
Event: 33897.564 Thread 0x000001b47aee2890 Thread added: 0x000001b47aee42d0
Event: 33897.569 Thread 0x000001b47aee5680 Thread added: 0x000001b479d43e60
Event: 33897.589 Thread 0x000001b47aee2890 Thread added: 0x000001b479d465c0
Event: 33897.590 Thread 0x000001b47aee2890 Thread added: 0x000001b479d47970
Event: 33897.617 Thread 0x000001b47aee42d0 Thread exited: 0x000001b47aee42d0
Event: 33897.617 Thread 0x000001b479d47970 Thread exited: 0x000001b479d47970
Event: 33897.622 Thread 0x000001b479d465c0 Thread exited: 0x000001b479d465c0
Event: 33897.622 Thread 0x000001b47aee2890 Thread exited: 0x000001b47aee2890
Event: 33897.622 Thread 0x000001b479d43e60 Thread exited: 0x000001b479d43e60
Event: 33897.622 Thread 0x000001b47aee5680 Thread exited: 0x000001b47aee5680
Event: 33897.622 Thread 0x000001b47aee4960 Thread exited: 0x000001b47aee4960
Event: 34030.743 Thread 0x000001b47aee1b70 Thread exited: 0x000001b47aee1b70
Event: 34030.743 Thread 0x000001b47aee14e0 Thread exited: 0x000001b47aee14e0
Event: 34030.765 Thread 0x000001b47aede6f0 Thread exited: 0x000001b47aede6f0
Event: 34030.780 Thread 0x000001b47aeded80 Thread exited: 0x000001b47aeded80


Dynamic libraries:
0x00007ff67e440000 - 0x00007ff67e44e000 	c:\Users\HOME\.antigravity-ide\extensions\redhat.java-1.54.0-win32-x64\jre\21.0.10-win32-x86_64\bin\java.exe
0x00007ff809e20000 - 0x00007ff80a087000 	C:\WINDOWS\SYSTEM32\ntdll.dll
0x00007ff809720000 - 0x00007ff8097e9000 	C:\WINDOWS\System32\KERNEL32.DLL
0x00007ff806950000 - 0x00007ff806d47000 	C:\WINDOWS\System32\KERNELBASE.dll
0x00007ff8078b0000 - 0x00007ff8079fb000 	C:\WINDOWS\System32\ucrtbase.dll
0x00007fffef1e0000 - 0x00007fffef1f8000 	c:\Users\HOME\.antigravity-ide\extensions\redhat.java-1.54.0-win32-x64\jre\21.0.10-win32-x86_64\bin\jli.dll
0x00007ff808460000 - 0x00007ff808626000 	C:\WINDOWS\System32\USER32.dll
0x00007ff807880000 - 0x00007ff8078a7000 	C:\WINDOWS\System32\win32u.dll
0x00007ffffc670000 - 0x00007ffffc68e000 	c:\Users\HOME\.antigravity-ide\extensions\redhat.java-1.54.0-win32-x64\jre\21.0.10-win32-x86_64\bin\VCRUNTIME140.dll
0x00007ff809270000 - 0x00007ff80929b000 	C:\WINDOWS\System32\GDI32.dll
0x00007ff806820000 - 0x00007ff80694c000 	C:\WINDOWS\System32\gdi32full.dll
0x00007ff807650000 - 0x00007ff8076f3000 	C:\WINDOWS\System32\msvcp_win.dll
0x00007fffeeea0000 - 0x00007fffef132000 	C:\WINDOWS\WinSxS\amd64_microsoft.windows.common-controls_6595b64144ccf1df_6.0.26100.8457_none_3e0b2faee331e92d\COMCTL32.dll
0x00007ff808080000 - 0x00007ff808129000 	C:\WINDOWS\System32\msvcrt.dll
0x00007ff8099e0000 - 0x00007ff809a12000 	C:\WINDOWS\System32\IMM32.DLL
0x00007fffef1a0000 - 0x00007fffef1ac000 	c:\Users\HOME\.antigravity-ide\extensions\redhat.java-1.54.0-win32-x64\jre\21.0.10-win32-x86_64\bin\vcruntime140_1.dll
0x00007fff8ff00000 - 0x00007fff8ff8d000 	c:\Users\HOME\.antigravity-ide\extensions\redhat.java-1.54.0-win32-x64\jre\21.0.10-win32-x86_64\bin\msvcp140.dll
0x00007fff303c0000 - 0x00007fff31161000 	c:\Users\HOME\.antigravity-ide\extensions\redhat.java-1.54.0-win32-x64\jre\21.0.10-win32-x86_64\bin\server\jvm.dll
0x00007ff808750000 - 0x00007ff808806000 	C:\WINDOWS\System32\ADVAPI32.dll
0x00007ff8081b0000 - 0x00007ff808257000 	C:\WINDOWS\System32\sechost.dll
0x00007ff808630000 - 0x00007ff808748000 	C:\WINDOWS\System32\RPCRT4.dll
0x00007ff8088a0000 - 0x00007ff808920000 	C:\WINDOWS\System32\WS2_32.dll
0x00007ff806680000 - 0x00007ff8066de000 	C:\WINDOWS\SYSTEM32\POWRPROF.dll
0x00007ffff0e50000 - 0x00007ffff0e86000 	C:\WINDOWS\SYSTEM32\WINMM.dll
0x00007ffffd180000 - 0x00007ffffd18b000 	C:\WINDOWS\SYSTEM32\VERSION.dll
0x00007ff806660000 - 0x00007ff806674000 	C:\WINDOWS\SYSTEM32\UMPDC.dll
0x00007ff805570000 - 0x00007ff80558b000 	C:\WINDOWS\SYSTEM32\kernel.appcore.dll
0x00007fffedab0000 - 0x00007fffedaba000 	c:\Users\HOME\.antigravity-ide\extensions\redhat.java-1.54.0-win32-x64\jre\21.0.10-win32-x86_64\bin\jimage.dll
0x00007ff8044b0000 - 0x00007ff8046f2000 	C:\WINDOWS\SYSTEM32\DBGHELP.DLL
0x00007ff809a20000 - 0x00007ff809da3000 	C:\WINDOWS\System32\combase.dll
0x00007ff8092a0000 - 0x00007ff809379000 	C:\WINDOWS\System32\OLEAUT32.dll
0x00007fffdc1d0000 - 0x00007fffdc20b000 	C:\WINDOWS\SYSTEM32\dbgcore.DLL
0x00007ff807a00000 - 0x00007ff807aa8000 	C:\WINDOWS\System32\bcryptPrimitives.dll
0x00007fffecbf0000 - 0x00007fffecbff000 	c:\Users\HOME\.antigravity-ide\extensions\redhat.java-1.54.0-win32-x64\jre\21.0.10-win32-x86_64\bin\instrument.dll
0x00007fffec300000 - 0x00007fffec320000 	c:\Users\HOME\.antigravity-ide\extensions\redhat.java-1.54.0-win32-x64\jre\21.0.10-win32-x86_64\bin\java.dll
0x00007ff808ad0000 - 0x00007ff80923e000 	C:\WINDOWS\System32\SHELL32.dll
0x00007ff806d50000 - 0x00007ff8075bc000 	C:\WINDOWS\System32\windows.storage.dll
0x00007ff809850000 - 0x00007ff809946000 	C:\WINDOWS\System32\SHCORE.dll
0x00007ff808820000 - 0x00007ff808886000 	C:\WINDOWS\System32\shlwapi.dll
0x00007ff806740000 - 0x00007ff806769000 	C:\WINDOWS\SYSTEM32\profapi.dll
0x00007fffe1830000 - 0x00007fffe1848000 	c:\Users\HOME\.antigravity-ide\extensions\redhat.java-1.54.0-win32-x64\jre\21.0.10-win32-x86_64\bin\zip.dll
0x00007fffeda00000 - 0x00007fffeda10000 	C:\Users\HOME\.antigravity-ide\extensions\redhat.java-1.54.0-win32-x64\jre\21.0.10-win32-x86_64\bin\net.dll
0x00007ffffe9b0000 - 0x00007ffffead9000 	C:\WINDOWS\SYSTEM32\WINHTTP.dll
0x00007ff805ac0000 - 0x00007ff805b2c000 	C:\WINDOWS\system32\mswsock.dll
0x00007fffde990000 - 0x00007fffde9a6000 	C:\Users\HOME\.antigravity-ide\extensions\redhat.java-1.54.0-win32-x64\jre\21.0.10-win32-x86_64\bin\nio.dll
0x00007fffdec90000 - 0x00007fffdeca0000 	c:\Users\HOME\.antigravity-ide\extensions\redhat.java-1.54.0-win32-x64\jre\21.0.10-win32-x86_64\bin\verify.dll
0x00007fffd5150000 - 0x00007fffd5195000 	C:\Users\HOME\AppData\Roaming\Antigravity IDE\User\globalStorage\redhat.java\1.54.0\config_win\org.eclipse.equinox.launcher\org.eclipse.equinox.launcher.win32.win32.x86_64_1.3.0.v20260203-2149\eclipse_11919.dll
0x00007ff808930000 - 0x00007ff808ac7000 	C:\WINDOWS\System32\ole32.dll
0x00007ff800000000 - 0x00007ff80000a000 	C:\Users\HOME\.antigravity-ide\extensions\redhat.java-1.54.0-win32-x64\jre\21.0.10-win32-x86_64\bin\management.dll
0x00007ffffc940000 - 0x00007ffffc94c000 	C:\Users\HOME\.antigravity-ide\extensions\redhat.java-1.54.0-win32-x64\jre\21.0.10-win32-x86_64\bin\management_ext.dll
0x00007ff808810000 - 0x00007ff808818000 	C:\WINDOWS\System32\PSAPI.DLL
0x00007ff805ec0000 - 0x00007ff805edb000 	C:\WINDOWS\SYSTEM32\CRYPTSP.dll
0x00007ff8054d0000 - 0x00007ff805509000 	C:\WINDOWS\system32\rsaenh.dll
0x00007ff805b70000 - 0x00007ff805ba3000 	C:\WINDOWS\SYSTEM32\USERENV.dll
0x00007ff806710000 - 0x00007ff80673a000 	C:\WINDOWS\SYSTEM32\bcrypt.dll
0x00007ff805d20000 - 0x00007ff805d2c000 	C:\WINDOWS\SYSTEM32\CRYPTBASE.dll
0x00007ff805010000 - 0x00007ff805042000 	C:\WINDOWS\SYSTEM32\IPHLPAPI.DLL
0x00007ff8083c0000 - 0x00007ff8083ca000 	C:\WINDOWS\System32\NSI.dll
0x00007fff8fdd0000 - 0x00007fff8fe19000 	C:\Users\HOME\AppData\Local\Temp\jna-2223327\jna10611201612260888444.dll
0x00007ffffef80000 - 0x00007ffffef9d000 	C:\WINDOWS\SYSTEM32\dhcpcsvc6.DLL
0x00007ffffe800000 - 0x00007ffffe825000 	C:\WINDOWS\SYSTEM32\dhcpcsvc.DLL
0x00007fffe0ca0000 - 0x00007fffe0cae000 	C:\Users\HOME\.antigravity-ide\extensions\redhat.java-1.54.0-win32-x64\jre\21.0.10-win32-x86_64\bin\sunmscapi.dll
0x00007ff807700000 - 0x00007ff807878000 	C:\WINDOWS\System32\CRYPT32.dll
0x00007ff806020000 - 0x00007ff806050000 	C:\WINDOWS\SYSTEM32\ncrypt.dll
0x00007ff805fd0000 - 0x00007ff80600f000 	C:\WINDOWS\SYSTEM32\NTASN1.dll
0x00007ff805050000 - 0x00007ff805182000 	C:\WINDOWS\SYSTEM32\DNSAPI.dll
0x00007ffffe570000 - 0x00007ffffe57b000 	C:\Windows\System32\rasadhlp.dll
0x00007ffffad00000 - 0x00007ffffad86000 	C:\WINDOWS\System32\fwpuclnt.dll
0x00007fffdec80000 - 0x00007fffdec89000 	C:\Users\HOME\.antigravity-ide\extensions\redhat.java-1.54.0-win32-x64\jre\21.0.10-win32-x86_64\bin\extnet.dll
0x00007fffef1b0000 - 0x00007fffef1d7000 	C:\Users\HOME\.gradle\native\c067742578af261105cb4f569cf0c3c89f3d7b1fecec35dd04571415982c5e48\windows-amd64\native-platform.dll
0x00007fffeff80000 - 0x00007fffeff88000 	C:\WINDOWS\system32\wshunix.dll
0x00007fffde9b0000 - 0x00007fffde9d7000 	C:\Users\HOME\.gradle\native\c067742578af261105cb4f569cf0c3c89f3d7b1fecec35dd04571415982c5e48\windows-amd64-min\native-platform.dll
0x00007fffd3c30000 - 0x00007fffd3c48000 	C:\WINDOWS\system32\napinsp.dll
0x00007fffd3b60000 - 0x00007fffd3b73000 	C:\WINDOWS\System32\winrnr.dll
0x00007fffd3b30000 - 0x00007fffd3b52000 	C:\WINDOWS\system32\nlansp_c.dll
0x00007ffffd210000 - 0x00007ffffd226000 	C:\WINDOWS\system32\wshbth.dll
0x00007ff800620000 - 0x00007ff800647000 	C:\Users\HOME\.gradle\native\e1d6ef7f7dcc3fd88c89a11ec53ec762bb8ba0a96d01ffa2cd45eb1d1d8dd5c5\windows-amd64\native-platform.dll

JVMTI agents:
c:\Users\HOME\.antigravity-ide\extensions\redhat.java-1.54.0-win32-x64\lombok\lombok-1.18.39-4050.jar path:c:\Users\HOME\.antigravity-ide\extensions\redhat.java-1.54.0-win32-x64\jre\21.0.10-win32-x86_64\bin\instrument.dll, loaded, initialized, instrumentlib options:none

dbghelp: loaded successfully - version: 4.0.5 - missing functions: none
symbol engine: initialized successfully - sym options: 0x614 - pdb path: .;c:\Users\HOME\.antigravity-ide\extensions\redhat.java-1.54.0-win32-x64\jre\21.0.10-win32-x86_64\bin;C:\WINDOWS\SYSTEM32;C:\WINDOWS\WinSxS\amd64_microsoft.windows.common-controls_6595b64144ccf1df_6.0.26100.8457_none_3e0b2faee331e92d;c:\Users\HOME\.antigravity-ide\extensions\redhat.java-1.54.0-win32-x64\jre\21.0.10-win32-x86_64\bin\server;C:\Users\HOME\AppData\Roaming\Antigravity IDE\User\globalStorage\redhat.java\1.54.0\config_win\org.eclipse.equinox.launcher\org.eclipse.equinox.launcher.win32.win32.x86_64_1.3.0.v20260203-2149;C:\Users\HOME\AppData\Local\Temp\jna-2223327;C:\Users\HOME\.gradle\native\c067742578af261105cb4f569cf0c3c89f3d7b1fecec35dd04571415982c5e48\windows-amd64;C:\Users\HOME\.gradle\native\c067742578af261105cb4f569cf0c3c89f3d7b1fecec35dd04571415982c5e48\windows-amd64-min;C:\Users\HOME\.gradle\native\e1d6ef7f7dcc3fd88c89a11ec53ec762bb8ba0a96d01ffa2cd45eb1d1d8dd5c5\windows-amd64

VM Arguments:
jvm_args: --add-modules=ALL-SYSTEM --add-opens=java.base/java.util=ALL-UNNAMED --add-opens=java.base/java.lang=ALL-UNNAMED --add-opens=java.base/sun.nio.fs=ALL-UNNAMED -Declipse.application=org.eclipse.jdt.ls.core.id1 -Dosgi.bundles.defaultStartLevel=4 -Declipse.product=org.eclipse.jdt.ls.core.product -Djava.import.generatesMetadataFilesAtProjectRoot=false -DDetectVMInstallationsJob.disabled=true -Dfile.encoding=utf8 -XX:+UseParallelGC -XX:GCTimeRatio=4 -XX:AdaptiveSizePolicyWeight=90 -Dsun.zip.disableMemoryMapping=true -Xmx2G -Xms100m -Xlog:disable -javaagent:c:\Users\HOME\.antigravity-ide\extensions\redhat.java-1.54.0-win32-x64\lombok\lombok-1.18.39-4050.jar -XX:+HeapDumpOnOutOfMemoryError -XX:HeapDumpPath=c:\Users\HOME\AppData\Roaming\Antigravity IDE\User\workspaceStorage\59c85b5bba5f1770362201039af69981\redhat.java -Daether.dependencyCollector.impl=bf 
java_command: c:\Users\HOME\.antigravity-ide\extensions\redhat.java-1.54.0-win32-x64\server\plugins\org.eclipse.equinox.launcher_1.7.100.v20251111-0406.jar -configuration c:\Users\HOME\AppData\Roaming\Antigravity IDE\User\globalStorage\redhat.java\1.54.0\config_win -data c:\Users\HOME\AppData\Roaming\Antigravity IDE\User\workspaceStorage\59c85b5bba5f1770362201039af69981\redhat.java\jdt_ws --pipe=\\.\pipe\lsp-9c109644e1ae7ab9bee7c2f8d9c361b9-sock
java_class_path (initial): c:\Users\HOME\.antigravity-ide\extensions\redhat.java-1.54.0-win32-x64\server\plugins\org.eclipse.equinox.launcher_1.7.100.v20251111-0406.jar
Launcher Type: SUN_STANDARD

[Global flags]
    uintx AdaptiveSizePolicyWeight                 = 90                                        {product} {command line}
     intx CICompilerCount                          = 4                                         {product} {ergonomic}
    uintx GCTimeRatio                              = 4                                         {product} {command line}
     bool HeapDumpOnOutOfMemoryError               = true                                   {manageable} {command line}
    ccstr HeapDumpPath                             = c:\Users\HOME\AppData\Roaming\Antigravity IDE\User\workspaceStorage\59c85b5bba5f1770362201039af69981\redhat.java         {manageable} {command line}
   size_t InitialHeapSize                          = 104857600                                 {product} {command line}
   size_t MaxHeapSize                              = 2147483648                                {product} {command line}
   size_t MaxNewSize                               = 715653120                                 {product} {ergonomic}
   size_t MinHeapDeltaBytes                        = 524288                                    {product} {ergonomic}
   size_t MinHeapSize                              = 104857600                                 {product} {command line}
   size_t NewSize                                  = 34603008                                  {product} {ergonomic}
    uintx NonNMethodCodeHeapSize                   = 5839372                                {pd product} {ergonomic}
    uintx NonProfiledCodeHeapSize                  = 122909434                              {pd product} {ergonomic}
   size_t OldSize                                  = 70254592                                  {product} {ergonomic}
    uintx ProfiledCodeHeapSize                     = 122909434                              {pd product} {ergonomic}
    uintx ReservedCodeCacheSize                    = 251658240                              {pd product} {ergonomic}
     bool SegmentedCodeCache                       = true                                      {product} {ergonomic}
   size_t SoftMaxHeapSize                          = 2147483648                             {manageable} {ergonomic}
     bool UseCompressedOops                        = true                           {product lp64_product} {ergonomic}
     bool UseLargePagesIndividualAllocation        = false                                  {pd product} {ergonomic}
     bool UseParallelGC                            = true                                      {product} {command line}

Logging:
Log output configuration:
 #0: stdout all=off uptime,level,tags foldmultilines=false
 #1: stderr all=off uptime,level,tags foldmultilines=false

Release file:
JAVA_VERSION="21.0.10" 
MODULES="java.base java.compiler java.datatransfer java.xml java.prefs java.desktop java.instrument java.logging java.management java.security.sasl java.naming java.rmi java.management.rmi java.net.http java.scripting java.security.jgss java.transaction.xa java.sql java.sql.rowset java.xml.crypto java.se java.smartcardio jdk.accessibility jdk.internal.jvmstat jdk.attach jdk.charsets jdk.internal.opt jdk.zipfs jdk.compiler jdk.crypto.ec jdk.crypto.cryptoki jdk.crypto.mscapi jdk.dynalink jdk.internal.ed jdk.editpad jdk.hotspot.agent jdk.httpserver jdk.internal.le jdk.internal.vm.ci jdk.internal.vm.compiler jdk.internal.vm.compiler.management jdk.jartool jdk.javadoc jdk.jcmd jdk.management jdk.management.agent jdk.jconsole jdk.jdeps jdk.jdwp.agent jdk.jdi jdk.jfr jdk.jshell jdk.jsobject jdk.jstatd jdk.localedata jdk.management.jfr jdk.naming.dns jdk.naming.rmi jdk.net jdk.nio.mapmode jdk.random jdk.sctp jdk.security.auth jdk.security.jgss jdk.unsupported jdk.unsupported.desktop jdk.xml.dom" 

Environment Variables:
PATH=E:\oracle\product\10.2.0\db_1\bin;C:\Program Files\Eclipse Adoptium\jdk-17.0.15.6-hotspot\bin;C:\Program Files\Common Files\Oracle\Java\javapath;C:\WINDOWS\system32;C:\WINDOWS;C:\WINDOWS\System32\Wbem;C:\WINDOWS\System32\WindowsPowerShell\v1.0\;C:\WINDOWS\System32\OpenSSH\;C:\Program Files (x86)\dotnet\;C:\wamp64\bin\php\php7.4.33;C:\ProgramData\ComposerSetup\bin;C:\Users\HOME\.config\herd\bin\nvm;C:\Program Files\nodejs;C:\Program Files\nodejs\;C:\WINDOWS\system32;C:\WINDOWS;C:\WINDOWS\System32\Wbem;C:\WINDOWS\System32\WindowsPowerShell\v1.0\;C:\WINDOWS\System32\OpenSSH\;C:\Users\HOME\AppData\Local\Programs\Python\Launcher\;C:\Users\HOME\.config\herd\bin;C:\Users\HOME\AppData\Local\Microsoft\WindowsApps;C:\Users\HOME\AppData\Local\Programs\Microsoft VS Code\bin;C:\Users\HOME\AppData\Roaming\Composer\vendor\bin;C:\Users\HOME\AppData\Roaming\npm;C:\Users\HOME\AppData\Local\Android\Sdk\cmdline-tools\latest\bin;C:\Program Files\dotnet\;C:\Program Files\Amazon\AWSCLIV2\;C:\Program Files\Git\cmd;C:\Users\HOME\AppData\Local\Programs\Python\Launcher\;C:\Users\HOME\.config\herd\bin;C:\Users\HOME\AppData\Local\Microsoft\WindowsApps;C:\Users\HOME\AppData\Local\Programs\Microsoft VS Code\bin;C:\Users\HOME\AppData\Roaming\Composer\vendor\bin;C:\Users\HOME\AppData\Roaming\npm;C:\Users\HOME\AppData\Local\Programs\Antigravity\bin;C:\Users\HOME\AppData\Local\Programs\Antigravity IDE\bin
USERNAME=HOME
OS=Windows_NT
PROCESSOR_IDENTIFIER=Intel64 Family 6 Model 142 Stepping 12, GenuineIntel
TMP=C:\Users\HOME\AppData\Local\Temp
TEMP=C:\Users\HOME\AppData\Local\Temp




Periodic native trim disabled

---------------  S Y S T E M  ---------------

OS:
 Windows 11 , 64 bit Build 26100 (10.0.26100.8328)
OS uptime: 1 days 2:39 hours
Hyper-V role detected

CPU: total 8 (initial active 8) (4 cores per cpu, 2 threads per core) family 6 model 142 stepping 12 microcode 0xec, cx8, cmov, fxsr, ht, mmx, 3dnowpref, sse, sse2, sse3, ssse3, sse4.1, sse4.2, popcnt, lzcnt, tsc, tscinvbit, avx, avx2, aes, erms, clmul, bmi1, bmi2, adx, fma, vzeroupper, clflush, clflushopt, hv, rdtscp, f16c
Processor Information for the first 8 processors :
  Max Mhz: 2304, Current Mhz: 1803, Mhz Limit: 1797

Memory: 4k page, system-wide physical 8025M (431M free)
TotalPageFile size 32601M (AvailPageFile size 84M)
current process WorkingSet (physical memory assigned to process): 9M, peak: 1108M
current process commit charge ("private bytes"): 1326M, peak: 1773M

vm_info: OpenJDK 64-Bit Server VM (21.0.10+7-LTS) for windows-amd64 JRE (21.0.10+7-LTS), built on 2026-01-20T00:00:00Z by "admin" with MS VC++ 17.12 (VS2022)

END.
